<?xml version="1.0" encoding="UTF-8"?>
<testsuite xmlns:xsi="http://www.w3.org/2001/XMLSchema-instance" xsi:noNamespaceSchemaLocation="https://maven.apache.org/surefire/maven-surefire-plugin/xsd/surefire-test-report.xsd" name="com.datatables.demo.DatatablesDemoApplicationTests" time="4.819" tests="1" errors="0" skipped="0" failures="0">
  <properties>
    <property name="sun.desktop" value="windows"/>
    <property name="awt.toolkit" value="sun.awt.windows.WToolkit"/>
    <property name="file.encoding.pkg" value="sun.io"/>
    <property name="java.specification.version" value="1.8"/>
    <property name="sun.cpu.isalist" value="amd64"/>
    <property name="sun.jnu.encoding" value="GBK"/>
    <property name="java.class.path" value="E:\project\github\webProject\wsjzzcbq-datatables-demo-master\datatables-demo\target\test-classes;E:\project\github\webProject\wsjzzcbq-datatables-demo-master\datatables-demo\target\classes;D:\maven\repo\org\springframework\boot\spring-boot-starter\2.3.2.RELEASE\spring-boot-starter-2.3.2.RELEASE.jar;D:\maven\repo\org\springframework\boot\spring-boot\2.3.2.RELEASE\spring-boot-2.3.2.RELEASE.jar;D:\maven\repo\org\springframework\spring-context\5.2.8.RELEASE\spring-context-5.2.8.RELEASE.jar;D:\maven\repo\org\springframework\boot\spring-boot-autoconfigure\2.3.2.RELEASE\spring-boot-autoconfigure-2.3.2.RELEASE.jar;D:\maven\repo\org\springframework\boot\spring-boot-starter-logging\2.3.2.RELEASE\spring-boot-starter-logging-2.3.2.RELEASE.jar;D:\maven\repo\ch\qos\logback\logback-classic\1.2.3\logback-classic-1.2.3.jar;D:\maven\repo\ch\qos\logback\logback-core\1.2.3\logback-core-1.2.3.jar;D:\maven\repo\org\apache\logging\log4j\log4j-to-slf4j\2.13.3\log4j-to-slf4j-2.13.3.jar;D:\maven\repo\org\apache\logging\log4j\log4j-api\2.13.3\log4j-api-2.13.3.jar;D:\maven\repo\org\slf4j\jul-to-slf4j\1.7.30\jul-to-slf4j-1.7.30.jar;D:\maven\repo\jakarta\annotation\jakarta.annotation-api\1.3.5\jakarta.annotation-api-1.3.5.jar;D:\maven\repo\org\springframework\spring-core\5.2.8.RELEASE\spring-core-5.2.8.RELEASE.jar;D:\maven\repo\org\springframework\spring-jcl\5.2.8.RELEASE\spring-jcl-5.2.8.RELEASE.jar;D:\maven\repo\org\yaml\snakeyaml\1.26\snakeyaml-1.26.jar;D:\maven\repo\org\springframework\boot\spring-boot-starter-web\2.3.2.RELEASE\spring-boot-starter-web-2.3.2.RELEASE.jar;D:\maven\repo\org\springframework\boot\spring-boot-starter-json\2.3.2.RELEASE\spring-boot-starter-json-2.3.2.RELEASE.jar;D:\maven\repo\com\fasterxml\jackson\core\jackson-databind\2.11.1\jackson-databind-2.11.1.jar;D:\maven\repo\com\fasterxml\jackson\core\jackson-annotations\2.11.1\jackson-annotations-2.11.1.jar;D:\maven\repo\com\fasterxml\jackson\core\jackson-core\2.11.1\jackson-core-2.11.1.jar;D:\maven\repo\com\fasterxml\jackson\datatype\jackson-datatype-jdk8\2.11.1\jackson-datatype-jdk8-2.11.1.jar;D:\maven\repo\com\fasterxml\jackson\datatype\jackson-datatype-jsr310\2.11.1\jackson-datatype-jsr310-2.11.1.jar;D:\maven\repo\com\fasterxml\jackson\module\jackson-module-parameter-names\2.11.1\jackson-module-parameter-names-2.11.1.jar;D:\maven\repo\org\springframework\boot\spring-boot-starter-tomcat\2.3.2.RELEASE\spring-boot-starter-tomcat-2.3.2.RELEASE.jar;D:\maven\repo\org\apache\tomcat\embed\tomcat-embed-core\9.0.37\tomcat-embed-core-9.0.37.jar;D:\maven\repo\org\glassfish\jakarta.el\3.0.3\jakarta.el-3.0.3.jar;D:\maven\repo\org\apache\tomcat\embed\tomcat-embed-websocket\9.0.37\tomcat-embed-websocket-9.0.37.jar;D:\maven\repo\org\springframework\spring-web\5.2.8.RELEASE\spring-web-5.2.8.RELEASE.jar;D:\maven\repo\org\springframework\spring-beans\5.2.8.RELEASE\spring-beans-5.2.8.RELEASE.jar;D:\maven\repo\org\springframework\spring-webmvc\5.2.8.RELEASE\spring-webmvc-5.2.8.RELEASE.jar;D:\maven\repo\org\springframework\spring-aop\5.2.8.RELEASE\spring-aop-5.2.8.RELEASE.jar;D:\maven\repo\org\springframework\spring-expression\5.2.8.RELEASE\spring-expression-5.2.8.RELEASE.jar;D:\maven\repo\mysql\mysql-connector-java\8.0.21\mysql-connector-java-8.0.21.jar;D:\maven\repo\org\mybatis\spring\boot\mybatis-spring-boot-starter\2.0.1\mybatis-spring-boot-starter-2.0.1.jar;D:\maven\repo\org\springframework\boot\spring-boot-starter-jdbc\2.3.2.RELEASE\spring-boot-starter-jdbc-2.3.2.RELEASE.jar;D:\maven\repo\com\zaxxer\HikariCP\3.4.5\HikariCP-3.4.5.jar;D:\maven\repo\org\springframework\spring-jdbc\5.2.8.RELEASE\spring-jdbc-5.2.8.RELEASE.jar;D:\maven\repo\org\springframework\spring-tx\5.2.8.RELEASE\spring-tx-5.2.8.RELEASE.jar;D:\maven\repo\org\mybatis\spring\boot\mybatis-spring-boot-autoconfigure\2.0.1\mybatis-spring-boot-autoconfigure-2.0.1.jar;D:\maven\repo\org\mybatis\mybatis\3.5.1\mybatis-3.5.1.jar;D:\maven\repo\org\mybatis\mybatis-spring\2.0.1\mybatis-spring-2.0.1.jar;D:\maven\repo\com\alibaba\fastjson\1.2.7\fastjson-1.2.7.jar;D:\maven\repo\commons-lang\commons-lang\2.5\commons-lang-2.5.jar;D:\maven\repo\org\springframework\boot\spring-boot-devtools\2.3.2.RELEASE\spring-boot-devtools-2.3.2.RELEASE.jar;D:\maven\repo\org\springframework\boot\spring-boot-starter-test\2.3.2.RELEASE\spring-boot-starter-test-2.3.2.RELEASE.jar;D:\maven\repo\org\springframework\boot\spring-boot-test\2.3.2.RELEASE\spring-boot-test-2.3.2.RELEASE.jar;D:\maven\repo\org\springframework\boot\spring-boot-test-autoconfigure\2.3.2.RELEASE\spring-boot-test-autoconfigure-2.3.2.RELEASE.jar;D:\maven\repo\com\jayway\jsonpath\json-path\2.4.0\json-path-2.4.0.jar;D:\maven\repo\net\minidev\json-smart\2.3\json-smart-2.3.jar;D:\maven\repo\net\minidev\accessors-smart\1.2\accessors-smart-1.2.jar;D:\maven\repo\org\ow2\asm\asm\5.0.4\asm-5.0.4.jar;D:\maven\repo\org\slf4j\slf4j-api\1.7.30\slf4j-api-1.7.30.jar;D:\maven\repo\jakarta\xml\bind\jakarta.xml.bind-api\2.3.3\jakarta.xml.bind-api-2.3.3.jar;D:\maven\repo\jakarta\activation\jakarta.activation-api\1.2.2\jakarta.activation-api-1.2.2.jar;D:\maven\repo\org\assertj\assertj-core\3.16.1\assertj-core-3.16.1.jar;D:\maven\repo\org\hamcrest\hamcrest\2.2\hamcrest-2.2.jar;D:\maven\repo\org\junit\jupiter\junit-jupiter\5.6.2\junit-jupiter-5.6.2.jar;D:\maven\repo\org\junit\jupiter\junit-jupiter-api\5.6.2\junit-jupiter-api-5.6.2.jar;D:\maven\repo\org\apiguardian\apiguardian-api\1.1.0\apiguardian-api-1.1.0.jar;D:\maven\repo\org\opentest4j\opentest4j\1.2.0\opentest4j-1.2.0.jar;D:\maven\repo\org\junit\platform\junit-platform-commons\1.6.2\junit-platform-commons-1.6.2.jar;D:\maven\repo\org\junit\jupiter\junit-jupiter-params\5.6.2\junit-jupiter-params-5.6.2.jar;D:\maven\repo\org\junit\jupiter\junit-jupiter-engine\5.6.2\junit-jupiter-engine-5.6.2.jar;D:\maven\repo\org\junit\platform\junit-platform-engine\1.6.2\junit-platform-engine-1.6.2.jar;D:\maven\repo\org\mockito\mockito-core\3.3.3\mockito-core-3.3.3.jar;D:\maven\repo\net\bytebuddy\byte-buddy\1.10.13\byte-buddy-1.10.13.jar;D:\maven\repo\net\bytebuddy\byte-buddy-agent\1.10.13\byte-buddy-agent-1.10.13.jar;D:\maven\repo\org\objenesis\objenesis\2.6\objenesis-2.6.jar;D:\maven\repo\org\mockito\mockito-junit-jupiter\3.3.3\mockito-junit-jupiter-3.3.3.jar;D:\maven\repo\org\skyscreamer\jsonassert\1.5.0\jsonassert-1.5.0.jar;D:\maven\repo\com\vaadin\external\google\android-json\0.0.20131108.vaadin1\android-json-0.0.20131108.vaadin1.jar;D:\maven\repo\org\springframework\spring-test\5.2.8.RELEASE\spring-test-5.2.8.RELEASE.jar;D:\maven\repo\org\xmlunit\xmlunit-core\2.7.0\xmlunit-core-2.7.0.jar;"/>
    <property name="java.vm.vendor" value="Oracle Corporation"/>
    <property name="sun.arch.data.model" value="64"/>
    <property name="user.variant" value=""/>
    <property name="java.vendor.url" value="http://java.oracle.com/"/>
    <property name="user.timezone" value="Asia/Shanghai"/>
    <property name="java.vm.specification.version" value="1.8"/>
    <property name="os.name" value="Windows 7"/>
    <property name="user.country" value="CN"/>
    <property name="sun.java.launcher" value="SUN_STANDARD"/>
    <property name="sun.boot.library.path" value="C:\Program Files\Java\jdk1.8.0_77\jre\bin"/>
    <property name="sun.java.command" value="C:\Users\ADMINI~1\AppData\Local\Temp\surefire6165378533240509628\surefirebooter8379579060623408055.jar C:\Users\Administrator\AppData\Local\Temp\surefire6165378533240509628 2020-11-08T18-59-39_756-jvmRun1 surefire3308982867596008572tmp surefire_03390990591824270563tmp"/>
    <property name="surefire.test.class.path" value="E:\project\github\webProject\wsjzzcbq-datatables-demo-master\datatables-demo\target\test-classes;E:\project\github\webProject\wsjzzcbq-datatables-demo-master\datatables-demo\target\classes;D:\maven\repo\org\springframework\boot\spring-boot-starter\2.3.2.RELEASE\spring-boot-starter-2.3.2.RELEASE.jar;D:\maven\repo\org\springframework\boot\spring-boot\2.3.2.RELEASE\spring-boot-2.3.2.RELEASE.jar;D:\maven\repo\org\springframework\spring-context\5.2.8.RELEASE\spring-context-5.2.8.RELEASE.jar;D:\maven\repo\org\springframework\boot\spring-boot-autoconfigure\2.3.2.RELEASE\spring-boot-autoconfigure-2.3.2.RELEASE.jar;D:\maven\repo\org\springframework\boot\spring-boot-starter-logging\2.3.2.RELEASE\spring-boot-starter-logging-2.3.2.RELEASE.jar;D:\maven\repo\ch\qos\logback\logback-classic\1.2.3\logback-classic-1.2.3.jar;D:\maven\repo\ch\qos\logback\logback-core\1.2.3\logback-core-1.2.3.jar;D:\maven\repo\org\apache\logging\log4j\log4j-to-slf4j\2.13.3\log4j-to-slf4j-2.13.3.jar;D:\maven\repo\org\apache\logging\log4j\log4j-api\2.13.3\log4j-api-2.13.3.jar;D:\maven\repo\org\slf4j\jul-to-slf4j\1.7.30\jul-to-slf4j-1.7.30.jar;D:\maven\repo\jakarta\annotation\jakarta.annotation-api\1.3.5\jakarta.annotation-api-1.3.5.jar;D:\maven\repo\org\springframework\spring-core\5.2.8.RELEASE\spring-core-5.2.8.RELEASE.jar;D:\maven\repo\org\springframework\spring-jcl\5.2.8.RELEASE\spring-jcl-5.2.8.RELEASE.jar;D:\maven\repo\org\yaml\snakeyaml\1.26\snakeyaml-1.26.jar;D:\maven\repo\org\springframework\boot\spring-boot-starter-web\2.3.2.RELEASE\spring-boot-starter-web-2.3.2.RELEASE.jar;D:\maven\repo\org\springframework\boot\spring-boot-starter-json\2.3.2.RELEASE\spring-boot-starter-json-2.3.2.RELEASE.jar;D:\maven\repo\com\fasterxml\jackson\core\jackson-databind\2.11.1\jackson-databind-2.11.1.jar;D:\maven\repo\com\fasterxml\jackson\core\jackson-annotations\2.11.1\jackson-annotations-2.11.1.jar;D:\maven\repo\com\fasterxml\jackson\core\jackson-core\2.11.1\jackson-core-2.11.1.jar;D:\maven\repo\com\fasterxml\jackson\datatype\jackson-datatype-jdk8\2.11.1\jackson-datatype-jdk8-2.11.1.jar;D:\maven\repo\com\fasterxml\jackson\datatype\jackson-datatype-jsr310\2.11.1\jackson-datatype-jsr310-2.11.1.jar;D:\maven\repo\com\fasterxml\jackson\module\jackson-module-parameter-names\2.11.1\jackson-module-parameter-names-2.11.1.jar;D:\maven\repo\org\springframework\boot\spring-boot-starter-tomcat\2.3.2.RELEASE\spring-boot-starter-tomcat-2.3.2.RELEASE.jar;D:\maven\repo\org\apache\tomcat\embed\tomcat-embed-core\9.0.37\tomcat-embed-core-9.0.37.jar;D:\maven\repo\org\glassfish\jakarta.el\3.0.3\jakarta.el-3.0.3.jar;D:\maven\repo\org\apache\tomcat\embed\tomcat-embed-websocket\9.0.37\tomcat-embed-websocket-9.0.37.jar;D:\maven\repo\org\springframework\spring-web\5.2.8.RELEASE\spring-web-5.2.8.RELEASE.jar;D:\maven\repo\org\springframework\spring-beans\5.2.8.RELEASE\spring-beans-5.2.8.RELEASE.jar;D:\maven\repo\org\springframework\spring-webmvc\5.2.8.RELEASE\spring-webmvc-5.2.8.RELEASE.jar;D:\maven\repo\org\springframework\spring-aop\5.2.8.RELEASE\spring-aop-5.2.8.RELEASE.jar;D:\maven\repo\org\springframework\spring-expression\5.2.8.RELEASE\spring-expression-5.2.8.RELEASE.jar;D:\maven\repo\mysql\mysql-connector-java\8.0.21\mysql-connector-java-8.0.21.jar;D:\maven\repo\org\mybatis\spring\boot\mybatis-spring-boot-starter\2.0.1\mybatis-spring-boot-starter-2.0.1.jar;D:\maven\repo\org\springframework\boot\spring-boot-starter-jdbc\2.3.2.RELEASE\spring-boot-starter-jdbc-2.3.2.RELEASE.jar;D:\maven\repo\com\zaxxer\HikariCP\3.4.5\HikariCP-3.4.5.jar;D:\maven\repo\org\springframework\spring-jdbc\5.2.8.RELEASE\spring-jdbc-5.2.8.RELEASE.jar;D:\maven\repo\org\springframework\spring-tx\5.2.8.RELEASE\spring-tx-5.2.8.RELEASE.jar;D:\maven\repo\org\mybatis\spring\boot\mybatis-spring-boot-autoconfigure\2.0.1\mybatis-spring-boot-autoconfigure-2.0.1.jar;D:\maven\repo\org\mybatis\mybatis\3.5.1\mybatis-3.5.1.jar;D:\maven\repo\org\mybatis\mybatis-spring\2.0.1\mybatis-spring-2.0.1.jar;D:\maven\repo\com\alibaba\fastjson\1.2.7\fastjson-1.2.7.jar;D:\maven\repo\commons-lang\commons-lang\2.5\commons-lang-2.5.jar;D:\maven\repo\org\springframework\boot\spring-boot-devtools\2.3.2.RELEASE\spring-boot-devtools-2.3.2.RELEASE.jar;D:\maven\repo\org\springframework\boot\spring-boot-starter-test\2.3.2.RELEASE\spring-boot-starter-test-2.3.2.RELEASE.jar;D:\maven\repo\org\springframework\boot\spring-boot-test\2.3.2.RELEASE\spring-boot-test-2.3.2.RELEASE.jar;D:\maven\repo\org\springframework\boot\spring-boot-test-autoconfigure\2.3.2.RELEASE\spring-boot-test-autoconfigure-2.3.2.RELEASE.jar;D:\maven\repo\com\jayway\jsonpath\json-path\2.4.0\json-path-2.4.0.jar;D:\maven\repo\net\minidev\json-smart\2.3\json-smart-2.3.jar;D:\maven\repo\net\minidev\accessors-smart\1.2\accessors-smart-1.2.jar;D:\maven\repo\org\ow2\asm\asm\5.0.4\asm-5.0.4.jar;D:\maven\repo\org\slf4j\slf4j-api\1.7.30\slf4j-api-1.7.30.jar;D:\maven\repo\jakarta\xml\bind\jakarta.xml.bind-api\2.3.3\jakarta.xml.bind-api-2.3.3.jar;D:\maven\repo\jakarta\activation\jakarta.activation-api\1.2.2\jakarta.activation-api-1.2.2.jar;D:\maven\repo\org\assertj\assertj-core\3.16.1\assertj-core-3.16.1.jar;D:\maven\repo\org\hamcrest\hamcrest\2.2\hamcrest-2.2.jar;D:\maven\repo\org\junit\jupiter\junit-jupiter\5.6.2\junit-jupiter-5.6.2.jar;D:\maven\repo\org\junit\jupiter\junit-jupiter-api\5.6.2\junit-jupiter-api-5.6.2.jar;D:\maven\repo\org\apiguardian\apiguardian-api\1.1.0\apiguardian-api-1.1.0.jar;D:\maven\repo\org\opentest4j\opentest4j\1.2.0\opentest4j-1.2.0.jar;D:\maven\repo\org\junit\platform\junit-platform-commons\1.6.2\junit-platform-commons-1.6.2.jar;D:\maven\repo\org\junit\jupiter\junit-jupiter-params\5.6.2\junit-jupiter-params-5.6.2.jar;D:\maven\repo\org\junit\jupiter\junit-jupiter-engine\5.6.2\junit-jupiter-engine-5.6.2.jar;D:\maven\repo\org\junit\platform\junit-platform-engine\1.6.2\junit-platform-engine-1.6.2.jar;D:\maven\repo\org\mockito\mockito-core\3.3.3\mockito-core-3.3.3.jar;D:\maven\repo\net\bytebuddy\byte-buddy\1.10.13\byte-buddy-1.10.13.jar;D:\maven\repo\net\bytebuddy\byte-buddy-agent\1.10.13\byte-buddy-agent-1.10.13.jar;D:\maven\repo\org\objenesis\objenesis\2.6\objenesis-2.6.jar;D:\maven\repo\org\mockito\mockito-junit-jupiter\3.3.3\mockito-junit-jupiter-3.3.3.jar;D:\maven\repo\org\skyscreamer\jsonassert\1.5.0\jsonassert-1.5.0.jar;D:\maven\repo\com\vaadin\external\google\android-json\0.0.20131108.vaadin1\android-json-0.0.20131108.vaadin1.jar;D:\maven\repo\org\springframework\spring-test\5.2.8.RELEASE\spring-test-5.2.8.RELEASE.jar;D:\maven\repo\org\xmlunit\xmlunit-core\2.7.0\xmlunit-core-2.7.0.jar;"/>
    <property name="sun.cpu.endian" value="little"/>
    <property name="user.home" value="C:\Users\Administrator"/>
    <property name="user.language" value="zh"/>
    <property name="java.specification.vendor" value="Oracle Corporation"/>
    <property name="java.home" value="C:\Program Files\Java\jdk1.8.0_77\jre"/>
    <property name="basedir" value="E:\project\github\webProject\wsjzzcbq-datatables-demo-master\datatables-demo"/>
    <property name="file.separator" value="\"/>
    <property name="line.separator" value="&#10;"/>
    <property name="java.vm.specification.vendor" value="Oracle Corporation"/>
    <property name="java.specification.name" value="Java Platform API Specification"/>
    <property name="java.awt.graphicsenv" value="sun.awt.Win32GraphicsEnvironment"/>
    <property name="surefire.real.class.path" value="C:\Users\ADMINI~1\AppData\Local\Temp\surefire6165378533240509628\surefirebooter8379579060623408055.jar"/>
    <property name="sun.boot.class.path" value="C:\Program Files\Java\jdk1.8.0_77\jre\lib\resources.jar;C:\Program Files\Java\jdk1.8.0_77\jre\lib\rt.jar;C:\Program Files\Java\jdk1.8.0_77\jre\lib\sunrsasign.jar;C:\Program Files\Java\jdk1.8.0_77\jre\lib\jsse.jar;C:\Program Files\Java\jdk1.8.0_77\jre\lib\jce.jar;C:\Program Files\Java\jdk1.8.0_77\jre\lib\charsets.jar;C:\Program Files\Java\jdk1.8.0_77\jre\lib\jfr.jar;C:\Program Files\Java\jdk1.8.0_77\jre\classes"/>
    <property name="user.script" value=""/>
    <property name="sun.management.compiler" value="HotSpot 64-Bit Tiered Compilers"/>
    <property name="java.runtime.version" value="1.8.0_77-b03"/>
    <property name="user.name" value="Administrator"/>
    <property name="path.separator" value=";"/>
    <property name="os.version" value="6.1"/>
    <property name="java.endorsed.dirs" value="C:\Program Files\Java\jdk1.8.0_77\jre\lib\endorsed"/>
    <property name="java.runtime.name" value="Java(TM) SE Runtime Environment"/>
    <property name="file.encoding" value="GBK"/>
    <property name="java.vm.name" value="Java HotSpot(TM) 64-Bit Server VM"/>
    <property name="localRepository" value="D:\maven\repo"/>
    <property name="java.vendor.url.bug" value="http://bugreport.sun.com/bugreport/"/>
    <property name="java.io.tmpdir" value="C:\Users\ADMINI~1\AppData\Local\Temp\"/>
    <property name="java.version" value="1.8.0_77"/>
    <property name="user.dir" value="E:\project\github\webProject\wsjzzcbq-datatables-demo-master\datatables-demo"/>
    <property name="os.arch" value="amd64"/>
    <property name="java.vm.specification.name" value="Java Virtual Machine Specification"/>
    <property name="java.awt.printerjob" value="sun.awt.windows.WPrinterJob"/>
    <property name="sun.os.patch.level" value="Service Pack 1"/>
    <property name="java.library.path" value="C:\Program Files\Java\jdk1.8.0_77\jre\bin;C:\Windows\Sun\Java\bin;C:\Windows\system32;C:\Windows;C:\ProgramData\Oracle\Java\javapath;C:\Windows\system32;C:\Windows;C:\Windows\System32\Wbem;C:\Windows\System32\WindowsPowerShell\v1.0\;C:\Program Files\MySQL\MySQL Server 5.5\bin;C:\Program Files\Java\jdk1.8.0_77\bin;E:\AllSoftInstallHome\mavenIntallPlace\apache-maven-3.5.0\bin;C:\Program Files\TortoiseSVN\bin;E:;E:\AllSoftInstallHome\git installPlace\Git\cmd;E:\AllSoftInstallHome\svn server\bin;E:\AllSoftInstallHome\nodejs\node-v10.14.1-win-x64;E:\AllSoftInstallHome\nodejs\node-v10.14.1-win-x64\node-global;E:\AllSoftInstallHome\rabbitmq\erl7.1\bin;E:\AllSoftInstallHome\rabbitmq\rabbitmq_server-3.6.5\sbin;;E:\AllSoftInstallHome\vs code\Microsoft VS Code Insiders\bin;E:\AllSoftInstallHome\vs code\other version\Microsoft VS Code\bin;."/>
    <property name="java.vm.info" value="mixed mode"/>
    <property name="java.vendor" value="Oracle Corporation"/>
    <property name="java.vm.version" value="25.77-b03"/>
    <property name="java.ext.dirs" value="C:\Program Files\Java\jdk1.8.0_77\jre\lib\ext;C:\Windows\Sun\Java\lib\ext"/>
    <property name="sun.io.unicode.encoding" value="UnicodeLittle"/>
    <property name="java.class.version" value="52.0"/>
  </properties>
  <testcase name="contextLoads" classname="com.datatables.demo.DatatablesDemoApplicationTests" time="0.27"/>
</testsuite>